
> callsigns@1.0.0 test:provider
> jest __tests__/contract/provider --runInBand --force-exit

[2022-05-07 14:44:39.156 +0000] INFO (2793 on Cassandra): pact@9.17.3: Verifying provider
[2022-05-07 14:44:39.165 +0000] INFO (2793 on Cassandra): pact-node@10.17.2: Verifying Pacts.
[2022-05-07 14:44:39.167 +0000] INFO (2793 on Cassandra): pact-node@10.17.2: Verifying Pact Files
[2022-05-07 14:44:39.168 +0000] DEBUG (2793 on Cassandra): pact-node@10.17.2: Starting pact binary '/mnt/i/projects/callsigns_api/node_modules/@pact-foundation/pact-node/standalone/linux-x64-1.88.83/pact/bin/pact-provider-verifier', with arguments [/mnt/i/projects/callsigns_api/__tests__/contract/pacts/frontend-callsignservice.json --provider-states-setup-url http://localhost:58886/_pactSetup --provider Callsign Service --log-level DEBUG --provider-base-url http://localhost:58886 --consumer-version-tag dev --provider-version-tag dev --publish-verification-results false --provider-app-version 1.0.0 --verbose true]
[2022-05-07 14:44:39.336 +0000] DEBUG (2793 on Cassandra): pact-node@10.17.2: Created '/mnt/i/projects/callsigns_api/node_modules/@pact-foundation/pact-node/standalone/linux-x64-1.88.83/pact/bin/pact-provider-verifier' process with PID: 2806
[2022-05-07 14:44:40.095 +0000] DEBUG (2793 on Cassandra): pact-node@10.17.2: /mnt/i/projects/callsigns_api/node_modules/@pact-foundation/pact-node/standalone/linux-x64-1.88.83/pact/lib/ruby/lib/ruby/gems/2.2.0/gems/bundler-1.9.9/lib/bundler/shared_helpers.rb:78: warning: Insecure world writable dir /mnt/i/projects/callsigns_api in PATH, mode 040777

[2022-05-07 14:44:43.299 +0000] DEBUG (2793 on Cassandra): pact-node@10.17.2: INFO: Reading pact at /mnt/i/projects/callsigns_api/__tests__/contract/pacts/frontend-callsignservice.json
WARN: Please note: we are tracking events anonymously to gather important usage statistics like Pact-Ruby version
                and operating system. To disable tracking, set the 'PACT_DO_NOT_TRACK' environment
                variable to 'true'.


Verifying a pact between Frontend and CallsignService

[2022-05-07 14:44:43.299 +0000] DEBUG (2793 on Cassandra): pact-node@10.17.2:   Given i have a list of callsigns
    a request for all callsigns
      with GET /callsigns
        returns a response which

[2022-05-07 14:44:43.299 +0000] DEBUG (2793 on Cassandra): pact-node@10.17.2: DEBUG: Setting up provider state 'i have a list of callsigns' for consumer 'Frontend' using provider state set up URL http://localhost:58886/_pactSetup

[2022-05-07 14:44:43.330 +0000] DEBUG (2793 on Cassandra): pact-node@10.17.2: I, [2022-05-07T15:44:43.330089 #2806]  INFO -- request: POST http://localhost:58886/_pactSetup

[2022-05-07 14:44:43.330 +0000] DEBUG (2793 on Cassandra): pact-node@10.17.2: D, [2022-05-07T15:44:43.330202 #2806] DEBUG -- request: User-Agent: "Faraday v0.17.5"
Content-Type: "application/json"

[2022-05-07 14:44:43.355 +0000] WARN (2793 on Cassandra): pact@9.17.3: No state handler found for "i have a list of callsigns", ignoring
[2022-05-07 14:44:43.370 +0000] DEBUG (2793 on Cassandra): pact-node@10.17.2: I, [2022-05-07T15:44:43.359602 #2806]  INFO -- response: Status 200
D, [2022-05-07T15:44:43.359719 #2806] DEBUG -- response: x-powered-by: "Express"
content-type: "text/plain; charset=utf-8"
content-length: "2"
etag: "W/\"2-nOO9QiTIwXgNtWtBJezz8kv3SLc\""
date: "Sat, 07 May 2022 14:44:43 GMT"
connection: "close"

[2022-05-07 14:44:43.428 +0000] DEBUG (2793 on Cassandra): pact@9.17.3: Proxing
[2022-05-07 14:44:44.295 +0000] DEBUG (2793 on Cassandra): pact-node@10.17.2:           has status code 200

